[2025-03-22T08:30:38.029+0800] {local_task_job_runner.py:123} INFO - ::group::Pre task execution logs
[2025-03-22T08:30:38.035+0800] {taskinstance.py:2614} INFO - Dependencies all met for dep_context=non-requeueable deps ti=<TaskInstance: transport_dag.extract_mrt_lrt_data_task scheduled__2025-03-21T00:00:00+00:00 [queued]>
[2025-03-22T08:30:38.038+0800] {taskinstance.py:2614} INFO - Dependencies all met for dep_context=requeueable deps ti=<TaskInstance: transport_dag.extract_mrt_lrt_data_task scheduled__2025-03-21T00:00:00+00:00 [queued]>
[2025-03-22T08:30:38.038+0800] {taskinstance.py:2867} INFO - Starting attempt 1 of 2
[2025-03-22T08:30:38.043+0800] {taskinstance.py:2890} INFO - Executing <Task(PythonOperator): extract_mrt_lrt_data_task> on 2025-03-21 00:00:00+00:00
[2025-03-22T08:30:38.047+0800] {standard_task_runner.py:72} INFO - Started process 85989 to run task
[2025-03-22T08:30:38.050+0800] {standard_task_runner.py:104} INFO - Running: ['airflow', 'tasks', 'run', 'transport_dag', 'extract_mrt_lrt_data_task', 'scheduled__2025-03-21T00:00:00+00:00', '--job-id', '85', '--raw', '--subdir', 'DAGS_FOLDER/main.py', '--cfg-path', '/var/folders/08/pmnk96px7x94djx_0kg9f2zh0000gn/T/tmpff83poib']
[2025-03-22T08:30:38.052+0800] {standard_task_runner.py:105} INFO - Job 85: Subtask extract_mrt_lrt_data_task
[2025-03-22T08:30:38.073+0800] {task_command.py:467} INFO - Running <TaskInstance: transport_dag.extract_mrt_lrt_data_task scheduled__2025-03-21T00:00:00+00:00 [running]> on host 192.168.1.64
[2025-03-22T08:30:38.101+0800] {taskinstance.py:3134} INFO - Exporting env vars: AIRFLOW_CTX_DAG_OWNER='airflow' AIRFLOW_CTX_DAG_ID='transport_dag' AIRFLOW_CTX_TASK_ID='extract_mrt_lrt_data_task' AIRFLOW_CTX_EXECUTION_DATE='2025-03-21T00:00:00+00:00' AIRFLOW_CTX_TRY_NUMBER='1' AIRFLOW_CTX_DAG_RUN_ID='scheduled__2025-03-21T00:00:00+00:00'
[2025-03-22T08:30:38.102+0800] {taskinstance.py:732} INFO - ::endgroup::
[2025-03-22T08:31:33.126+0800] {job.py:229} INFO - Heartbeat recovered after 50.07 seconds
[2025-03-22T08:32:11.550+0800] {job.py:229} INFO - Heartbeat recovered after 38.43 seconds
[2025-03-22T08:50:18.159+0800] {job.py:229} INFO - Heartbeat recovered after 1081.57 seconds
[2025-03-22T09:07:05.497+0800] {job.py:229} INFO - Heartbeat recovered after 1002.22 seconds
[2025-03-22T09:14:23.886+0800] {job.py:229} INFO - Heartbeat recovered after 408.26 seconds
[2025-03-22T09:17:04.267+0800] {job.py:229} INFO - Heartbeat recovered after 160.38 seconds
[2025-03-22T09:21:17.960+0800] {job.py:229} INFO - Heartbeat recovered after 243.66 seconds
[2025-03-22T09:21:57.053+0800] {job.py:229} INFO - Heartbeat recovered after 34.08 seconds
[2025-03-22T09:22:57.429+0800] {job.py:229} INFO - Heartbeat recovered after 40.22 seconds
[2025-03-22T09:25:41.994+0800] {job.py:229} INFO - Heartbeat recovered after 62.37 seconds
[2025-03-22T09:28:31.890+0800] {job.py:229} INFO - Heartbeat recovered after 41.23 seconds
[2025-03-22T09:30:32.376+0800] {job.py:229} INFO - Heartbeat recovered after 38.01 seconds
[2025-03-22T09:31:04.532+0800] {job.py:229} INFO - Heartbeat recovered after 22.01 seconds
[2025-03-22T09:35:24.478+0800] {job.py:229} INFO - Heartbeat recovered after 101.78 seconds
[2025-03-22T09:37:27.147+0800] {job.py:229} INFO - Heartbeat recovered after 50.89 seconds
[2025-03-22T09:38:26.514+0800] {job.py:229} INFO - Heartbeat recovered after 19.12 seconds
[2025-03-22T09:39:37.256+0800] {job.py:229} INFO - Heartbeat recovered after 60.63 seconds
[2025-03-22T09:40:38.015+0800] {job.py:229} INFO - Heartbeat recovered after 55.74 seconds
[2025-03-22T09:41:55.655+0800] {job.py:229} INFO - Heartbeat recovered after 51.82 seconds
[2025-03-22T09:44:20.449+0800] {job.py:229} INFO - Heartbeat recovered after 27.78 seconds
[2025-03-22T09:45:40.575+0800] {job.py:229} INFO - Heartbeat recovered after 43.46 seconds
[2025-03-22T09:46:43.144+0800] {job.py:229} INFO - Heartbeat recovered after 21.70 seconds
[2025-03-22T09:47:13.972+0800] {job.py:229} INFO - Heartbeat recovered after 20.72 seconds
[2025-03-22T09:48:15.654+0800] {job.py:229} INFO - Heartbeat recovered after 51.59 seconds
[2025-03-22T09:49:19.413+0800] {job.py:229} INFO - Heartbeat recovered after 43.50 seconds
[2025-03-22T09:49:35.903+0800] {job.py:229} INFO - Heartbeat recovered after 11.45 seconds
[2025-03-22T09:50:35.576+0800] {job.py:229} INFO - Heartbeat recovered after 59.67 seconds
[2025-03-22T09:51:12.720+0800] {job.py:229} INFO - Heartbeat recovered after 27.06 seconds
[2025-03-22T09:52:49.787+0800] {job.py:229} INFO - Heartbeat recovered after 76.96 seconds
[2025-03-22T09:53:40.930+0800] {job.py:229} INFO - Heartbeat recovered after 46.10 seconds
[2025-03-22T09:54:31.515+0800] {job.py:229} INFO - Heartbeat recovered after 30.45 seconds
[2025-03-22T09:55:45.461+0800] {job.py:229} INFO - Heartbeat recovered after 48.59 seconds
[2025-03-22T09:57:43.120+0800] {job.py:229} INFO - Heartbeat recovered after 14.02 seconds
[2025-03-22T10:00:46.481+0800] {job.py:229} INFO - Heartbeat recovered after 71.86 seconds
[2025-03-22T10:01:50.681+0800] {job.py:229} INFO - Heartbeat recovered after 23.66 seconds
[2025-03-22T10:03:02.496+0800] {job.py:229} INFO - Heartbeat recovered after 16.05 seconds
[2025-03-22T10:03:48.721+0800] {job.py:229} INFO - Heartbeat recovered after 20.59 seconds
[2025-03-22T10:05:51.548+0800] {job.py:229} INFO - Heartbeat recovered after 102.61 seconds
[2025-03-22T10:06:58.324+0800] {job.py:229} INFO - Heartbeat recovered after 61.74 seconds
[2025-03-22T10:07:58.758+0800] {job.py:229} INFO - Heartbeat recovered after 34.26 seconds
[2025-03-22T10:10:03.807+0800] {job.py:229} INFO - Heartbeat recovered after 89.42 seconds
[2025-03-22T10:11:34.489+0800] {job.py:229} INFO - Heartbeat recovered after 85.56 seconds
[2025-03-22T10:12:49.159+0800] {job.py:229} INFO - Heartbeat recovered after 39.28 seconds
[2025-03-22T10:13:51.619+0800] {job.py:229} INFO - Heartbeat recovered after 20.61 seconds
[2025-03-22T10:36:29.175+0800] {local_task_job_runner.py:245} INFO - ::endgroup::
[2025-03-22T10:36:29.191+0800] {process_utils.py:132} INFO - Sending 15 to group 85989. PIDs of all processes in the group: [85989]
[2025-03-22T10:36:29.192+0800] {process_utils.py:87} INFO - Sending the signal 15 to group 85989
[2025-03-22T10:36:29.192+0800] {taskinstance.py:3094} ERROR - Received SIGTERM. Terminating subprocesses.
[2025-03-22T10:36:29.205+0800] {taskinstance.py:3095} ERROR - Stacktrace: 
  File "/Users/melvinang/Documents/NUS/Y3S2/IS3107/transport_project/IS3107-Group-8/local_airflow/.airflow/bin/airflow", line 8, in <module>
    sys.exit(main())
  File "/Users/melvinang/Documents/NUS/Y3S2/IS3107/transport_project/IS3107-Group-8/local_airflow/.airflow/lib/python3.9/site-packages/airflow/__main__.py", line 62, in main
    args.func(args)
  File "/Users/melvinang/Documents/NUS/Y3S2/IS3107/transport_project/IS3107-Group-8/local_airflow/.airflow/lib/python3.9/site-packages/airflow/cli/cli_config.py", line 49, in command
    return func(*args, **kwargs)
  File "/Users/melvinang/Documents/NUS/Y3S2/IS3107/transport_project/IS3107-Group-8/local_airflow/.airflow/lib/python3.9/site-packages/airflow/utils/cli.py", line 116, in wrapper
    return f(*args, **kwargs)
  File "/Users/melvinang/Documents/NUS/Y3S2/IS3107/transport_project/IS3107-Group-8/local_airflow/.airflow/lib/python3.9/site-packages/airflow/cli/commands/task_command.py", line 483, in task_run
    task_return_code = _run_task_by_selected_method(args, _dag, ti)
  File "/Users/melvinang/Documents/NUS/Y3S2/IS3107/transport_project/IS3107-Group-8/local_airflow/.airflow/lib/python3.9/site-packages/airflow/cli/commands/task_command.py", line 254, in _run_task_by_selected_method
    return _run_task_by_local_task_job(args, ti)
  File "/Users/melvinang/Documents/NUS/Y3S2/IS3107/transport_project/IS3107-Group-8/local_airflow/.airflow/lib/python3.9/site-packages/airflow/cli/commands/task_command.py", line 322, in _run_task_by_local_task_job
    ret = run_job(job=job_runner.job, execute_callable=job_runner._execute)
  File "/Users/melvinang/Documents/NUS/Y3S2/IS3107/transport_project/IS3107-Group-8/local_airflow/.airflow/lib/python3.9/site-packages/airflow/utils/session.py", line 97, in wrapper
    return func(*args, session=session, **kwargs)
  File "/Users/melvinang/Documents/NUS/Y3S2/IS3107/transport_project/IS3107-Group-8/local_airflow/.airflow/lib/python3.9/site-packages/airflow/jobs/job.py", line 421, in run_job
    return execute_job(job, execute_callable=execute_callable)
  File "/Users/melvinang/Documents/NUS/Y3S2/IS3107/transport_project/IS3107-Group-8/local_airflow/.airflow/lib/python3.9/site-packages/airflow/jobs/job.py", line 450, in execute_job
    ret = execute_callable()
  File "/Users/melvinang/Documents/NUS/Y3S2/IS3107/transport_project/IS3107-Group-8/local_airflow/.airflow/lib/python3.9/site-packages/airflow/jobs/local_task_job_runner.py", line 171, in _execute
    self.task_runner.start()
  File "/Users/melvinang/Documents/NUS/Y3S2/IS3107/transport_project/IS3107-Group-8/local_airflow/.airflow/lib/python3.9/site-packages/airflow/task/task_runner/standard_task_runner.py", line 55, in start
    self.process = self._start_by_fork()
  File "/Users/melvinang/Documents/NUS/Y3S2/IS3107/transport_project/IS3107-Group-8/local_airflow/.airflow/lib/python3.9/site-packages/airflow/task/task_runner/standard_task_runner.py", line 117, in _start_by_fork
    ret = args.func(args, dag=self.dag)
  File "/Users/melvinang/Documents/NUS/Y3S2/IS3107/transport_project/IS3107-Group-8/local_airflow/.airflow/lib/python3.9/site-packages/airflow/cli/cli_config.py", line 49, in command
    return func(*args, **kwargs)
  File "/Users/melvinang/Documents/NUS/Y3S2/IS3107/transport_project/IS3107-Group-8/local_airflow/.airflow/lib/python3.9/site-packages/airflow/utils/cli.py", line 116, in wrapper
    return f(*args, **kwargs)
  File "/Users/melvinang/Documents/NUS/Y3S2/IS3107/transport_project/IS3107-Group-8/local_airflow/.airflow/lib/python3.9/site-packages/airflow/cli/commands/task_command.py", line 483, in task_run
    task_return_code = _run_task_by_selected_method(args, _dag, ti)
  File "/Users/melvinang/Documents/NUS/Y3S2/IS3107/transport_project/IS3107-Group-8/local_airflow/.airflow/lib/python3.9/site-packages/airflow/cli/commands/task_command.py", line 256, in _run_task_by_selected_method
    return _run_raw_task(args, ti)
  File "/Users/melvinang/Documents/NUS/Y3S2/IS3107/transport_project/IS3107-Group-8/local_airflow/.airflow/lib/python3.9/site-packages/airflow/cli/commands/task_command.py", line 341, in _run_raw_task
    return ti._run_raw_task(
  File "/Users/melvinang/Documents/NUS/Y3S2/IS3107/transport_project/IS3107-Group-8/local_airflow/.airflow/lib/python3.9/site-packages/airflow/utils/session.py", line 97, in wrapper
    return func(*args, session=session, **kwargs)
  File "/Users/melvinang/Documents/NUS/Y3S2/IS3107/transport_project/IS3107-Group-8/local_airflow/.airflow/lib/python3.9/site-packages/airflow/models/taskinstance.py", line 3006, in _run_raw_task
    return _run_raw_task(
  File "/Users/melvinang/Documents/NUS/Y3S2/IS3107/transport_project/IS3107-Group-8/local_airflow/.airflow/lib/python3.9/site-packages/airflow/models/taskinstance.py", line 274, in _run_raw_task
    TaskInstance._execute_task_with_callbacks(
  File "/Users/melvinang/Documents/NUS/Y3S2/IS3107/transport_project/IS3107-Group-8/local_airflow/.airflow/lib/python3.9/site-packages/airflow/models/taskinstance.py", line 3161, in _execute_task_with_callbacks
    result = self._execute_task(context, task_orig)
  File "/Users/melvinang/Documents/NUS/Y3S2/IS3107/transport_project/IS3107-Group-8/local_airflow/.airflow/lib/python3.9/site-packages/airflow/models/taskinstance.py", line 3185, in _execute_task
    return _execute_task(self, context, task_orig)
  File "/Users/melvinang/Documents/NUS/Y3S2/IS3107/transport_project/IS3107-Group-8/local_airflow/.airflow/lib/python3.9/site-packages/airflow/models/taskinstance.py", line 768, in _execute_task
    result = _execute_callable(context=context, **execute_callable_kwargs)
  File "/Users/melvinang/Documents/NUS/Y3S2/IS3107/transport_project/IS3107-Group-8/local_airflow/.airflow/lib/python3.9/site-packages/airflow/models/taskinstance.py", line 734, in _execute_callable
    return ExecutionCallableRunner(
  File "/Users/melvinang/Documents/NUS/Y3S2/IS3107/transport_project/IS3107-Group-8/local_airflow/.airflow/lib/python3.9/site-packages/airflow/utils/operator_helpers.py", line 252, in run
    return self.func(*args, **kwargs)
  File "/Users/melvinang/Documents/NUS/Y3S2/IS3107/transport_project/IS3107-Group-8/local_airflow/.airflow/lib/python3.9/site-packages/airflow/models/baseoperator.py", line 424, in wrapper
    return func(self, *args, **kwargs)
  File "/Users/melvinang/Documents/NUS/Y3S2/IS3107/transport_project/IS3107-Group-8/local_airflow/.airflow/lib/python3.9/site-packages/airflow/operators/python.py", line 238, in execute
    return_value = self.execute_callable()
  File "/Users/melvinang/Documents/NUS/Y3S2/IS3107/transport_project/IS3107-Group-8/local_airflow/.airflow/lib/python3.9/site-packages/airflow/operators/python.py", line 256, in execute_callable
    return runner.run(*self.op_args, **self.op_kwargs)
  File "/Users/melvinang/Documents/NUS/Y3S2/IS3107/transport_project/IS3107-Group-8/local_airflow/.airflow/lib/python3.9/site-packages/airflow/utils/operator_helpers.py", line 252, in run
    return self.func(*args, **kwargs)
  File "/Users/melvinang/Documents/NUS/Y3S2/IS3107/transport_project/IS3107-Group-8/local_airflow/airflow/dags/main.py", line 70, in extract_mrt_lrt_data
    response = requests.get(url)
  File "/Users/melvinang/Documents/NUS/Y3S2/IS3107/transport_project/IS3107-Group-8/local_airflow/.airflow/lib/python3.9/site-packages/requests/api.py", line 73, in get
    return request("get", url, params=params, **kwargs)
  File "/Users/melvinang/Documents/NUS/Y3S2/IS3107/transport_project/IS3107-Group-8/local_airflow/.airflow/lib/python3.9/site-packages/requests/api.py", line 59, in request
    return session.request(method=method, url=url, **kwargs)
  File "/Users/melvinang/Documents/NUS/Y3S2/IS3107/transport_project/IS3107-Group-8/local_airflow/.airflow/lib/python3.9/site-packages/requests/sessions.py", line 589, in request
    resp = self.send(prep, **send_kwargs)
  File "/Users/melvinang/Documents/NUS/Y3S2/IS3107/transport_project/IS3107-Group-8/local_airflow/.airflow/lib/python3.9/site-packages/requests/sessions.py", line 703, in send
    r = adapter.send(request, **kwargs)
  File "/Users/melvinang/Documents/NUS/Y3S2/IS3107/transport_project/IS3107-Group-8/local_airflow/.airflow/lib/python3.9/site-packages/requests/adapters.py", line 667, in send
    resp = conn.urlopen(
  File "/Users/melvinang/Documents/NUS/Y3S2/IS3107/transport_project/IS3107-Group-8/local_airflow/.airflow/lib/python3.9/site-packages/urllib3/connectionpool.py", line 716, in urlopen
    httplib_response = self._make_request(
  File "/Users/melvinang/Documents/NUS/Y3S2/IS3107/transport_project/IS3107-Group-8/local_airflow/.airflow/lib/python3.9/site-packages/urllib3/connectionpool.py", line 463, in _make_request
    httplib_response = conn.getresponse()
  File "/Users/melvinang/.pyenv/versions/3.9.18/lib/python3.9/http/client.py", line 1377, in getresponse
    response.begin()
  File "/Users/melvinang/.pyenv/versions/3.9.18/lib/python3.9/http/client.py", line 320, in begin
    version, status, reason = self._read_status()
  File "/Users/melvinang/.pyenv/versions/3.9.18/lib/python3.9/http/client.py", line 281, in _read_status
    line = str(self.fp.readline(_MAXLINE + 1), "iso-8859-1")
  File "/Users/melvinang/.pyenv/versions/3.9.18/lib/python3.9/socket.py", line 704, in readinto
    return self._sock.recv_into(b)
  File "/Users/melvinang/.pyenv/versions/3.9.18/lib/python3.9/ssl.py", line 1275, in recv_into
    return self.read(nbytes, buffer)
  File "/Users/melvinang/.pyenv/versions/3.9.18/lib/python3.9/ssl.py", line 1133, in read
    return self._sslobj.read(len, buffer)
  File "/Users/melvinang/Documents/NUS/Y3S2/IS3107/transport_project/IS3107-Group-8/local_airflow/.airflow/lib/python3.9/site-packages/airflow/models/taskinstance.py", line 3095, in signal_handler
    self.log.error("Stacktrace: \n%s", "".join(traceback.format_stack()))

[2025-03-22T10:36:29.208+0800] {taskinstance.py:3313} ERROR - Task failed with exception
Traceback (most recent call last):
  File "/Users/melvinang/Documents/NUS/Y3S2/IS3107/transport_project/IS3107-Group-8/local_airflow/.airflow/lib/python3.9/site-packages/airflow/models/taskinstance.py", line 768, in _execute_task
    result = _execute_callable(context=context, **execute_callable_kwargs)
  File "/Users/melvinang/Documents/NUS/Y3S2/IS3107/transport_project/IS3107-Group-8/local_airflow/.airflow/lib/python3.9/site-packages/airflow/models/taskinstance.py", line 734, in _execute_callable
    return ExecutionCallableRunner(
  File "/Users/melvinang/Documents/NUS/Y3S2/IS3107/transport_project/IS3107-Group-8/local_airflow/.airflow/lib/python3.9/site-packages/airflow/utils/operator_helpers.py", line 252, in run
    return self.func(*args, **kwargs)
  File "/Users/melvinang/Documents/NUS/Y3S2/IS3107/transport_project/IS3107-Group-8/local_airflow/.airflow/lib/python3.9/site-packages/airflow/models/baseoperator.py", line 424, in wrapper
    return func(self, *args, **kwargs)
  File "/Users/melvinang/Documents/NUS/Y3S2/IS3107/transport_project/IS3107-Group-8/local_airflow/.airflow/lib/python3.9/site-packages/airflow/operators/python.py", line 238, in execute
    return_value = self.execute_callable()
  File "/Users/melvinang/Documents/NUS/Y3S2/IS3107/transport_project/IS3107-Group-8/local_airflow/.airflow/lib/python3.9/site-packages/airflow/operators/python.py", line 256, in execute_callable
    return runner.run(*self.op_args, **self.op_kwargs)
  File "/Users/melvinang/Documents/NUS/Y3S2/IS3107/transport_project/IS3107-Group-8/local_airflow/.airflow/lib/python3.9/site-packages/airflow/utils/operator_helpers.py", line 252, in run
    return self.func(*args, **kwargs)
  File "/Users/melvinang/Documents/NUS/Y3S2/IS3107/transport_project/IS3107-Group-8/local_airflow/airflow/dags/main.py", line 70, in extract_mrt_lrt_data
    response = requests.get(url)
  File "/Users/melvinang/Documents/NUS/Y3S2/IS3107/transport_project/IS3107-Group-8/local_airflow/.airflow/lib/python3.9/site-packages/requests/api.py", line 73, in get
    return request("get", url, params=params, **kwargs)
  File "/Users/melvinang/Documents/NUS/Y3S2/IS3107/transport_project/IS3107-Group-8/local_airflow/.airflow/lib/python3.9/site-packages/requests/api.py", line 59, in request
    return session.request(method=method, url=url, **kwargs)
  File "/Users/melvinang/Documents/NUS/Y3S2/IS3107/transport_project/IS3107-Group-8/local_airflow/.airflow/lib/python3.9/site-packages/requests/sessions.py", line 589, in request
    resp = self.send(prep, **send_kwargs)
  File "/Users/melvinang/Documents/NUS/Y3S2/IS3107/transport_project/IS3107-Group-8/local_airflow/.airflow/lib/python3.9/site-packages/requests/sessions.py", line 703, in send
    r = adapter.send(request, **kwargs)
  File "/Users/melvinang/Documents/NUS/Y3S2/IS3107/transport_project/IS3107-Group-8/local_airflow/.airflow/lib/python3.9/site-packages/requests/adapters.py", line 667, in send
    resp = conn.urlopen(
  File "/Users/melvinang/Documents/NUS/Y3S2/IS3107/transport_project/IS3107-Group-8/local_airflow/.airflow/lib/python3.9/site-packages/urllib3/connectionpool.py", line 716, in urlopen
    httplib_response = self._make_request(
  File "/Users/melvinang/Documents/NUS/Y3S2/IS3107/transport_project/IS3107-Group-8/local_airflow/.airflow/lib/python3.9/site-packages/urllib3/connectionpool.py", line 468, in _make_request
    six.raise_from(e, None)
  File "<string>", line 3, in raise_from
  File "/Users/melvinang/Documents/NUS/Y3S2/IS3107/transport_project/IS3107-Group-8/local_airflow/.airflow/lib/python3.9/site-packages/urllib3/connectionpool.py", line 463, in _make_request
    httplib_response = conn.getresponse()
  File "/Users/melvinang/.pyenv/versions/3.9.18/lib/python3.9/http/client.py", line 1377, in getresponse
    response.begin()
  File "/Users/melvinang/.pyenv/versions/3.9.18/lib/python3.9/http/client.py", line 320, in begin
    version, status, reason = self._read_status()
  File "/Users/melvinang/.pyenv/versions/3.9.18/lib/python3.9/http/client.py", line 281, in _read_status
    line = str(self.fp.readline(_MAXLINE + 1), "iso-8859-1")
  File "/Users/melvinang/.pyenv/versions/3.9.18/lib/python3.9/socket.py", line 704, in readinto
    return self._sock.recv_into(b)
  File "/Users/melvinang/.pyenv/versions/3.9.18/lib/python3.9/ssl.py", line 1275, in recv_into
    return self.read(nbytes, buffer)
  File "/Users/melvinang/.pyenv/versions/3.9.18/lib/python3.9/ssl.py", line 1133, in read
    return self._sslobj.read(len, buffer)
  File "/Users/melvinang/Documents/NUS/Y3S2/IS3107/transport_project/IS3107-Group-8/local_airflow/.airflow/lib/python3.9/site-packages/airflow/models/taskinstance.py", line 3097, in signal_handler
    raise AirflowTaskTerminated("Task received SIGTERM signal")
airflow.exceptions.AirflowTaskTerminated: Task received SIGTERM signal
[2025-03-22T10:36:29.211+0800] {taskinstance.py:1226} INFO - Marking task as UP_FOR_RETRY. dag_id=transport_dag, task_id=extract_mrt_lrt_data_task, run_id=scheduled__2025-03-21T00:00:00+00:00, execution_date=20250321T000000, start_date=20250322T003038, end_date=20250322T023629
[2025-03-22T10:36:29.219+0800] {taskinstance.py:341} INFO - ::group::Post task execution logs
[2025-03-22T10:36:29.224+0800] {process_utils.py:80} INFO - Process psutil.Process(pid=85989, status='terminated', exitcode=2, started='08:30:38') (85989) terminated with exit code 2
