[2025-03-21T23:05:49.260+0800] {local_task_job_runner.py:123} INFO - ::group::Pre task execution logs
[2025-03-21T23:05:49.265+0800] {taskinstance.py:2614} INFO - Dependencies all met for dep_context=non-requeueable deps ti=<TaskInstance: transport_dag.transform_combine_mrt_lrt_data_task manual__2025-03-21T15:02:45.176830+00:00 [queued]>
[2025-03-21T23:05:49.268+0800] {taskinstance.py:2614} INFO - Dependencies all met for dep_context=requeueable deps ti=<TaskInstance: transport_dag.transform_combine_mrt_lrt_data_task manual__2025-03-21T15:02:45.176830+00:00 [queued]>
[2025-03-21T23:05:49.269+0800] {taskinstance.py:2867} INFO - Starting attempt 1 of 2
[2025-03-21T23:05:49.273+0800] {taskinstance.py:2890} INFO - Executing <Task(PythonOperator): transform_combine_mrt_lrt_data_task> on 2025-03-21 15:02:45.176830+00:00
[2025-03-21T23:05:49.276+0800] {standard_task_runner.py:72} INFO - Started process 78295 to run task
[2025-03-21T23:05:49.279+0800] {standard_task_runner.py:104} INFO - Running: ['airflow', 'tasks', 'run', 'transport_dag', 'transform_combine_mrt_lrt_data_task', 'manual__2025-03-21T15:02:45.176830+00:00', '--job-id', '32', '--raw', '--subdir', 'DAGS_FOLDER/main.py', '--cfg-path', '/var/folders/08/pmnk96px7x94djx_0kg9f2zh0000gn/T/tmp9bxlxrvj']
[2025-03-21T23:05:49.280+0800] {standard_task_runner.py:105} INFO - Job 32: Subtask transform_combine_mrt_lrt_data_task
[2025-03-21T23:05:49.295+0800] {task_command.py:467} INFO - Running <TaskInstance: transport_dag.transform_combine_mrt_lrt_data_task manual__2025-03-21T15:02:45.176830+00:00 [running]> on host 192.168.1.64
[2025-03-21T23:05:49.316+0800] {taskinstance.py:3134} INFO - Exporting env vars: AIRFLOW_CTX_DAG_OWNER='airflow' AIRFLOW_CTX_DAG_ID='transport_dag' AIRFLOW_CTX_TASK_ID='transform_combine_mrt_lrt_data_task' AIRFLOW_CTX_EXECUTION_DATE='2025-03-21T15:02:45.176830+00:00' AIRFLOW_CTX_TRY_NUMBER='1' AIRFLOW_CTX_DAG_RUN_ID='manual__2025-03-21T15:02:45.176830+00:00'
[2025-03-21T23:05:49.317+0800] {taskinstance.py:732} INFO - ::endgroup::
[2025-03-21T23:06:18.802+0800] {python.py:240} INFO - Done. Returned value was:                   ROAD_NAME  ... Type_Of_Station
0         PASIR RIS CENTRAL  ...             MRT
1        TAMPINES CENTRAL 1  ...             MRT
2            SIMEI STREET 3  ...             MRT
3     NEW UPPER CHANGI ROAD  ...             MRT
4     NEW UPPER CHANGI ROAD  ...             MRT
..                      ...  ...             ...
37  BUKIT PANJANG RING ROAD  ...             LRT
38               FAJAR ROAD  ...             LRT
39  BUKIT PANJANG RING ROAD  ...             LRT
40  BUKIT PANJANG RING ROAD  ...             LRT
41  BUKIT PANJANG RING ROAD  ...             LRT

[211 rows x 7 columns]
[2025-03-21T23:06:18.832+0800] {taskinstance.py:341} INFO - ::group::Post task execution logs
[2025-03-21T23:06:18.833+0800] {taskinstance.py:353} INFO - Marking task as SUCCESS. dag_id=transport_dag, task_id=transform_combine_mrt_lrt_data_task, run_id=manual__2025-03-21T15:02:45.176830+00:00, execution_date=20250321T150245, start_date=20250321T150549, end_date=20250321T150618
[2025-03-21T23:06:18.865+0800] {local_task_job_runner.py:266} INFO - Task exited with return code 0
[2025-03-21T23:06:18.874+0800] {taskinstance.py:3901} INFO - 1 downstream tasks scheduled from follow-on schedule check
[2025-03-21T23:06:18.875+0800] {local_task_job_runner.py:245} INFO - ::endgroup::
