[2025-03-22T00:01:22.245+0800] {local_task_job_runner.py:123} INFO - ::group::Pre task execution logs
[2025-03-22T00:01:22.250+0800] {taskinstance.py:2614} INFO - Dependencies all met for dep_context=non-requeueable deps ti=<TaskInstance: transport_dag.load_mrt_lrt_data_task manual__2025-03-21T16:00:43.974064+00:00 [queued]>
[2025-03-22T00:01:22.252+0800] {taskinstance.py:2614} INFO - Dependencies all met for dep_context=requeueable deps ti=<TaskInstance: transport_dag.load_mrt_lrt_data_task manual__2025-03-21T16:00:43.974064+00:00 [queued]>
[2025-03-22T00:01:22.252+0800] {taskinstance.py:2867} INFO - Starting attempt 1 of 2
[2025-03-22T00:01:22.257+0800] {taskinstance.py:2890} INFO - Executing <Task(PythonOperator): load_mrt_lrt_data_task> on 2025-03-21 16:00:43.974064+00:00
[2025-03-22T00:01:22.260+0800] {standard_task_runner.py:72} INFO - Started process 84323 to run task
[2025-03-22T00:01:22.263+0800] {standard_task_runner.py:104} INFO - Running: ['airflow', 'tasks', 'run', 'transport_dag', 'load_mrt_lrt_data_task', 'manual__2025-03-21T16:00:43.974064+00:00', '--job-id', '67', '--raw', '--subdir', 'DAGS_FOLDER/main.py', '--cfg-path', '/var/folders/08/pmnk96px7x94djx_0kg9f2zh0000gn/T/tmpfm7_pl0y']
[2025-03-22T00:01:22.264+0800] {standard_task_runner.py:105} INFO - Job 67: Subtask load_mrt_lrt_data_task
[2025-03-22T00:01:22.278+0800] {task_command.py:467} INFO - Running <TaskInstance: transport_dag.load_mrt_lrt_data_task manual__2025-03-21T16:00:43.974064+00:00 [running]> on host 192.168.1.64
[2025-03-22T00:01:22.298+0800] {taskinstance.py:3134} INFO - Exporting env vars: AIRFLOW_CTX_DAG_OWNER='airflow' AIRFLOW_CTX_DAG_ID='transport_dag' AIRFLOW_CTX_TASK_ID='load_mrt_lrt_data_task' AIRFLOW_CTX_EXECUTION_DATE='2025-03-21T16:00:43.974064+00:00' AIRFLOW_CTX_TRY_NUMBER='1' AIRFLOW_CTX_DAG_RUN_ID='manual__2025-03-21T16:00:43.974064+00:00'
[2025-03-22T00:01:22.299+0800] {taskinstance.py:732} INFO - ::endgroup::
[2025-03-22T00:01:22.308+0800] {logging_mixin.py:190} WARNING - /Users/melvinang/Documents/NUS/Y3S2/IS3107/transport_project/IS3107-Group-8/local_airflow/airflow/dags/main.py:120 FutureWarning: Passing literal json to 'read_json' is deprecated and will be removed in a future version. To read from a literal string, wrap it in a 'StringIO' object.
[2025-03-22T00:01:22.315+0800] {logging_mixin.py:190} WARNING - /Users/melvinang/Documents/NUS/Y3S2/IS3107/transport_project/IS3107-Group-8/local_airflow/airflow/dags/main.py:121 FutureWarning: to_gbq is deprecated and will be removed in a future version. Please use pandas_gbq.to_gbq instead: https://pandas-gbq.readthedocs.io/en/latest/api.html#pandas_gbq.to_gbq
[2025-03-22T00:01:22.338+0800] {logging_mixin.py:190} WARNING - /Users/melvinang/Documents/NUS/Y3S2/IS3107/transport_project/IS3107-Group-8/local_airflow/.airflow/lib/python3.9/site-packages/google/auth/_default.py:76 UserWarning: Your application has authenticated using end user credentials from Google Cloud SDK without a quota project. You might receive a "quota exceeded" or "API not enabled" error. See the following page for troubleshooting: https://cloud.google.com/docs/authentication/adc-troubleshooting/user-creds.
[2025-03-22T00:01:22.639+0800] {_default.py:711} WARNING - No project ID could be determined. Consider running `gcloud config set project` or setting the GOOGLE_CLOUD_PROJECT environment variable
[2025-03-22T00:01:26.762+0800] {gbq.py:578} INFO - 195 out of 195 rows loaded.
[2025-03-22T00:01:26.762+0800] {python.py:240} INFO - Done. Returned value was: None
[2025-03-22T00:01:26.766+0800] {taskinstance.py:341} INFO - ::group::Post task execution logs
[2025-03-22T00:01:26.767+0800] {taskinstance.py:353} INFO - Marking task as SUCCESS. dag_id=transport_dag, task_id=load_mrt_lrt_data_task, run_id=manual__2025-03-21T16:00:43.974064+00:00, execution_date=20250321T160043, start_date=20250321T160122, end_date=20250321T160126
[2025-03-22T00:01:26.814+0800] {local_task_job_runner.py:266} INFO - Task exited with return code 0
[2025-03-22T00:01:26.822+0800] {taskinstance.py:3901} INFO - 0 downstream tasks scheduled from follow-on schedule check
[2025-03-22T00:01:26.822+0800] {local_task_job_runner.py:245} INFO - ::endgroup::
