[2025-03-21T23:04:07.792+0800] {local_task_job_runner.py:123} INFO - ::group::Pre task execution logs
[2025-03-21T23:04:07.796+0800] {taskinstance.py:2614} INFO - Dependencies all met for dep_context=non-requeueable deps ti=<TaskInstance: transport_dag.transform_lrt_data_task scheduled__2025-03-20T00:00:00+00:00 [queued]>
[2025-03-21T23:04:07.798+0800] {taskinstance.py:2614} INFO - Dependencies all met for dep_context=requeueable deps ti=<TaskInstance: transport_dag.transform_lrt_data_task scheduled__2025-03-20T00:00:00+00:00 [queued]>
[2025-03-21T23:04:07.798+0800] {taskinstance.py:2867} INFO - Starting attempt 1 of 2
[2025-03-21T23:04:07.802+0800] {taskinstance.py:2890} INFO - Executing <Task(PythonOperator): transform_lrt_data_task> on 2025-03-20 00:00:00+00:00
[2025-03-21T23:04:07.805+0800] {standard_task_runner.py:72} INFO - Started process 77901 to run task
[2025-03-21T23:04:07.808+0800] {standard_task_runner.py:104} INFO - Running: ['airflow', 'tasks', 'run', 'transport_dag', 'transform_lrt_data_task', 'scheduled__2025-03-20T00:00:00+00:00', '--job-id', '24', '--raw', '--subdir', 'DAGS_FOLDER/main.py', '--cfg-path', '/var/folders/08/pmnk96px7x94djx_0kg9f2zh0000gn/T/tmp_e1_ff7h']
[2025-03-21T23:04:07.810+0800] {standard_task_runner.py:105} INFO - Job 24: Subtask transform_lrt_data_task
[2025-03-21T23:04:07.825+0800] {task_command.py:467} INFO - Running <TaskInstance: transport_dag.transform_lrt_data_task scheduled__2025-03-20T00:00:00+00:00 [running]> on host 192.168.1.64
[2025-03-21T23:04:07.846+0800] {taskinstance.py:3134} INFO - Exporting env vars: AIRFLOW_CTX_DAG_OWNER='airflow' AIRFLOW_CTX_DAG_ID='transport_dag' AIRFLOW_CTX_TASK_ID='transform_lrt_data_task' AIRFLOW_CTX_EXECUTION_DATE='2025-03-20T00:00:00+00:00' AIRFLOW_CTX_TRY_NUMBER='1' AIRFLOW_CTX_DAG_RUN_ID='scheduled__2025-03-20T00:00:00+00:00'
[2025-03-21T23:04:07.847+0800] {taskinstance.py:732} INFO - ::endgroup::
[2025-03-21T23:04:12.731+0800] {python.py:240} INFO - Done. Returned value was:                      ROAD_NAME  ...         LONGITUDE
0              PUNGGOL CENTRAL  ...  103.902411911915
1                PUNGGOL FIELD  ...  103.905961941214
2                PUNGGOL FIELD  ...  103.908950224489
3                PUNGGOL FIELD  ...  103.912580845515
4                 PUNGGOL EAST  ...  103.916169381157
5                PUNGGOL DRIVE  ...  103.916574974234
6                PUNGGOL DRIVE  ...  103.912727352412
7                PUNGGOL DRIVE  ...  103.908603542566
8              SENTUL CRESCENT  ...  103.904831550608
9   PONGGOL SEVENTEENTH AVENUE  ...  103.906577622768
10                 PUNGGOL WAY  ...  103.906650789313
11                 PUNGGOL WAY  ...  103.902156317163
12                 PUNGGOL WAY  ...  103.900339452055
13                 PUNGGOL WAY  ...  103.898558450395
14                 PUNGGOL WAY  ...  103.897290522033
15             SENGKANG SQUARE  ...  103.895442583336
16          COMPASSVALE STREET  ...  103.900492450944
17             RIVERVALE DRIVE  ...   103.90597359341
18             RIVERVALE DRIVE  ...  103.905415300171
19             RIVERVALE DRIVE  ...   103.90222537044
20        SENGKANG EAST AVENUE  ...  103.897194667804
21           ANCHORVALE STREET  ...  103.893797181731
22           ANCHORVALE STREET  ...  103.889304824196
23             FERNVALE STREET  ...  103.881256222255
24               FERNVALE ROAD  ...  103.875635154729
25               FERNVALE ROAD  ...   103.87630862552
26        SENGKANG WEST AVENUE  ...  103.880029600546
27        SENGKANG EAST AVENUE  ...  103.885844150116
28        SENGKANG EAST AVENUE  ...   103.89062131608
29      CHOA CHU KANG AVENUE 4  ...   103.74453769781
30           CHOA CHU KANG WAY  ...  103.745291799824
31           CHOA CHU KANG WAY  ...  103.749055668925
32           CHOA CHU KANG WAY  ...  103.753712232337
33          CHOA CHU KANG ROAD  ...  103.757995558346
34                  PETIR ROAD  ...  103.763102931112
35                  PETIR ROAD  ...  103.766645782497
36                PENDING ROAD  ...  103.771261175571
37     BUKIT PANJANG RING ROAD  ...  103.772647370452
38                  FAJAR ROAD  ...  103.770887223018
39     BUKIT PANJANG RING ROAD  ...  103.769599685249
40     BUKIT PANJANG RING ROAD  ...   103.76453408646
41     BUKIT PANJANG RING ROAD  ...   103.76234425472

[42 rows x 6 columns]
[2025-03-21T23:04:12.755+0800] {taskinstance.py:341} INFO - ::group::Post task execution logs
[2025-03-21T23:04:12.756+0800] {taskinstance.py:353} INFO - Marking task as SUCCESS. dag_id=transport_dag, task_id=transform_lrt_data_task, run_id=scheduled__2025-03-20T00:00:00+00:00, execution_date=20250320T000000, start_date=20250321T150407, end_date=20250321T150412
[2025-03-21T23:04:12.801+0800] {local_task_job_runner.py:266} INFO - Task exited with return code 0
[2025-03-21T23:04:12.810+0800] {taskinstance.py:3901} INFO - 0 downstream tasks scheduled from follow-on schedule check
[2025-03-21T23:04:12.811+0800] {local_task_job_runner.py:245} INFO - ::endgroup::
[2025-03-21T23:04:12.812+0800] {standard_task_runner.py:217} INFO - Process not found (most likely exited), stop collecting metrics
