[2025-03-21T23:24:54.430+0800] {local_task_job_runner.py:123} INFO - ::group::Pre task execution logs
[2025-03-21T23:24:54.433+0800] {taskinstance.py:2614} INFO - Dependencies all met for dep_context=non-requeueable deps ti=<TaskInstance: transport_dag.extract_lrt_data_task manual__2025-03-21T15:24:29.475552+00:00 [queued]>
[2025-03-21T23:24:54.435+0800] {taskinstance.py:2614} INFO - Dependencies all met for dep_context=requeueable deps ti=<TaskInstance: transport_dag.extract_lrt_data_task manual__2025-03-21T15:24:29.475552+00:00 [queued]>
[2025-03-21T23:24:54.435+0800] {taskinstance.py:2867} INFO - Starting attempt 1 of 2
[2025-03-21T23:24:54.440+0800] {taskinstance.py:2890} INFO - Executing <Task(PythonOperator): extract_lrt_data_task> on 2025-03-21 15:24:29.475552+00:00
[2025-03-21T23:24:54.443+0800] {standard_task_runner.py:72} INFO - Started process 80377 to run task
[2025-03-21T23:24:54.446+0800] {standard_task_runner.py:104} INFO - Running: ['airflow', 'tasks', 'run', 'transport_dag', 'extract_lrt_data_task', 'manual__2025-03-21T15:24:29.475552+00:00', '--job-id', '40', '--raw', '--subdir', 'DAGS_FOLDER/main.py', '--cfg-path', '/var/folders/08/pmnk96px7x94djx_0kg9f2zh0000gn/T/tmp7q6m35mk']
[2025-03-21T23:24:54.447+0800] {standard_task_runner.py:105} INFO - Job 40: Subtask extract_lrt_data_task
[2025-03-21T23:24:54.464+0800] {task_command.py:467} INFO - Running <TaskInstance: transport_dag.extract_lrt_data_task manual__2025-03-21T15:24:29.475552+00:00 [running]> on host 192.168.1.64
[2025-03-21T23:24:54.484+0800] {taskinstance.py:3134} INFO - Exporting env vars: AIRFLOW_CTX_DAG_OWNER='airflow' AIRFLOW_CTX_DAG_ID='transport_dag' AIRFLOW_CTX_TASK_ID='extract_lrt_data_task' AIRFLOW_CTX_EXECUTION_DATE='2025-03-21T15:24:29.475552+00:00' AIRFLOW_CTX_TRY_NUMBER='1' AIRFLOW_CTX_DAG_RUN_ID='manual__2025-03-21T15:24:29.475552+00:00'
[2025-03-21T23:24:54.485+0800] {taskinstance.py:732} INFO - ::endgroup::
[2025-03-21T23:24:59.899+0800] {python.py:240} INFO - Done. Returned value was:                           SEARCHVAL BLK_NO  ...          LATITUDE         LONGITUDE
0         PUNGGOL LRT STATION (PTC)     70  ...  1.40519470149606  103.902411911915
1            COVE LRT STATION (PE1)     50  ...  1.39928198837342  103.905961941214
2        MERIDIAN LRT STATION (PE2)     60  ...   1.3969120498774  103.908950224489
3      CORAL EDGE LRT STATION (PE3)     70  ...  1.39390922863313  103.912580845515
4         RIVIERA LRT STATION (PE4)     40  ...  1.39451978540251  103.916169381157
5        KADALOOR LRT STATION (PE5)     60  ...  1.39950910636258  103.916574974234
6           OASIS LRT STATION (PE6)     50  ...  1.40228667971123  103.912727352412
7           DAMAI LRT STATION (PE7)     40  ...  1.40523483636957  103.908603542566
8         SAM KEE LRT STATION (PW1)     10  ...  1.40961268528804  103.904831550608
9        TECK LEE LRT STATION (PW2)    101  ...   1.4127708937463  103.906577622768
10  PUNGGOL POINT LRT STATION (PW3)     81  ...  1.41684852031206  103.906650789313
11       SAMUDERA LRT STATION (PW4)     61  ...  1.41590172160383  103.902156317163
12         NIBONG LRT STATION (PW5)     41  ...  1.41185447744238  103.900339452055
13         SUMANG LRT STATION (PW6)     31  ...  1.40845241943079  103.898558450395
14       SOO TECK LRT STATION (PW7)     21  ...  1.40532331860455  103.897290522033
15       SENGKANG LRT STATION (STC)      5  ...  1.39160936379906  103.895442583336
16    COMPASSVALE LRT STATION (SE1)     10  ...  1.39449304450373  103.900492450944
17         RUMBIA LRT STATION (SE2)     70  ...  1.39146849534132   103.90597359341
18          BAKAU LRT STATION (SE3)     50  ...  1.38799431054768  103.905415300171
19        KANGKAR LRT STATION (SE4)     20  ...  1.38395911688913   103.90222537044
20       RANGGUNG LRT STATION (SE5)     30  ...  1.38423355918277  103.897194667804
21      CHENG LIM LRT STATION (SW1)      5  ...  1.39627763344324  103.893797181731
22        FARMWAY LRT STATION (SW2)     35  ...  1.39717019591821  103.889304824196
23         KUPANG LRT STATION (SW3)     60  ...  1.39821283031379  103.881256222255
24       THANGGAM LRT STATION (SW4)     40  ...  1.39731815581938  103.875635154729
25       FERNVALE LRT STATION (SW5)     10  ...  1.39188589234766   103.87630862552
26          LAYAR LRT STATION (SW6)     11  ...  1.39207983659997  103.880029600546
27       TONGKANG LRT STATION (SW7)     80  ...  1.38934794658941  103.885844150116
28        RENJONG LRT STATION (SW8)     60  ...  1.38670058991904   103.89062131608
29  CHOA CHU KANG LRT STATION (BP1)     15  ...  1.38475541089131   103.74453769781
30     SOUTH VIEW LRT STATION (BP2)     50  ...  1.38029828742399  103.745291799824
31      KEAT HONG LRT STATION (BP3)     30  ...   1.3786032506373  103.749055668925
32      TECK WHYE LRT STATION (BP4)     10  ...  1.37668467920808  103.753712232337
33        PHOENIX LRT STATION (BP5)     40  ...  1.37861545104083  103.757995558346
34  BUKIT PANJANG LRT STATION (BP6)     11  ...  1.37792694616982  103.763102931112
35          PETIR LRT STATION (BP7)     31  ...  1.37777204259082  103.766645782497
36        PENDING LRT STATION (BP8)      9  ...  1.37613574334988  103.771261175571
37        BANGKIT LRT STATION (BP9)     20  ...  1.38002223010088  103.772647370452
38         FAJAR LRT STATION (BP10)     40  ...  1.38457317668026  103.770887223018
39         SEGAR LRT STATION (BP11)     50  ...  1.38778508663361  103.769599685249
40      JELAPANG LRT STATION (BP12)     70  ...  1.38673926997961   103.76453408646
41         SENJA LRT STATION (BP13)     90  ...  1.38272547134453   103.76234425472

[42 rows x 10 columns]
[2025-03-21T23:24:59.931+0800] {taskinstance.py:341} INFO - ::group::Post task execution logs
[2025-03-21T23:24:59.932+0800] {taskinstance.py:353} INFO - Marking task as SUCCESS. dag_id=transport_dag, task_id=extract_lrt_data_task, run_id=manual__2025-03-21T15:24:29.475552+00:00, execution_date=20250321T152429, start_date=20250321T152454, end_date=20250321T152459
[2025-03-21T23:24:59.970+0800] {local_task_job_runner.py:266} INFO - Task exited with return code 0
[2025-03-21T23:24:59.981+0800] {taskinstance.py:3901} INFO - 1 downstream tasks scheduled from follow-on schedule check
[2025-03-21T23:24:59.981+0800] {local_task_job_runner.py:245} INFO - ::endgroup::
