[2025-03-22T11:35:28.179+0800] {manager.py:483} INFO - Processing files using up to 1 processes at a time 
[2025-03-22T11:35:28.180+0800] {manager.py:484} INFO - Process each file at most once every 30 seconds
[2025-03-22T11:35:28.180+0800] {manager.py:485} INFO - Checking for new files in /Users/melvinang/Documents/NUS/Y3S2/IS3107/transport_project/IS3107-Group-8/local_airflow/airflow/dags every 300 seconds
[2025-03-22T11:35:28.180+0800] {manager.py:821} INFO - Searching for files in /Users/melvinang/Documents/NUS/Y3S2/IS3107/transport_project/IS3107-Group-8/local_airflow/airflow/dags
[2025-03-22T11:35:28.200+0800] {manager.py:824} INFO - There are 57 files in /Users/melvinang/Documents/NUS/Y3S2/IS3107/transport_project/IS3107-Group-8/local_airflow/airflow/dags
[2025-03-22T11:35:35.056+0800] {manager.py:465} INFO - Exiting gracefully upon receiving signal 15
[2025-03-22T11:36:30.525+0800] {manager.py:483} INFO - Processing files using up to 1 processes at a time 
[2025-03-22T11:36:30.525+0800] {manager.py:484} INFO - Process each file at most once every 30 seconds
[2025-03-22T11:36:30.525+0800] {manager.py:485} INFO - Checking for new files in /Users/melvinang/Documents/NUS/Y3S2/IS3107/transport_project/IS3107-Group-8/local_airflow/airflow/dags every 300 seconds
[2025-03-22T11:36:30.525+0800] {manager.py:821} INFO - Searching for files in /Users/melvinang/Documents/NUS/Y3S2/IS3107/transport_project/IS3107-Group-8/local_airflow/airflow/dags
[2025-03-22T11:36:30.533+0800] {manager.py:824} INFO - There are 58 files in /Users/melvinang/Documents/NUS/Y3S2/IS3107/transport_project/IS3107-Group-8/local_airflow/airflow/dags
[2025-03-22T11:37:00.218+0800] {manager.py:997} INFO - 
================================================================================
DAG File Processing Stats

File Path                                                                                                                                            PID    Runtime      # DAGs    # Errors  Last Runtime    Last Run               Last # of DB Queries
---------------------------------------------------------------------------------------------------------------------------------------------------  -----  ---------  --------  ----------  --------------  -------------------  ----------------------
/Users/melvinang/.pyenv/versions/3.9.18/lib/python3.9/site-packages/airflow/example_dags/example_time_delta_sensor_async.py                                                   1           0  0.94s           2025-03-22T03:37:00                      43
/Users/melvinang/.pyenv/versions/3.9.18/lib/python3.9/site-packages/airflow/example_dags/example_workday_timetable.py                                                         1           0  0.90s           2025-03-22T03:36:54                      45
/Users/melvinang/.pyenv/versions/3.9.18/lib/python3.9/site-packages/airflow/example_dags/tutorial_objectstorage.py                                                            1           0  0.85s           2025-03-22T03:36:45                      43
/Users/melvinang/.pyenv/versions/3.9.18/lib/python3.9/site-packages/airflow/example_dags/plugins/listener_plugin.py                                                           0           0  0.83s           2025-03-22T03:36:34                       3
/Users/melvinang/.pyenv/versions/3.9.18/lib/python3.9/site-packages/airflow/example_dags/plugins/workday.py                                                                   0           0  0.80s           2025-03-22T03:36:33                       3
/Users/melvinang/.pyenv/versions/3.9.18/lib/python3.9/site-packages/airflow/example_dags/example_trigger_target_dag.py                                                        1           0  0.78s           2025-03-22T03:36:56                      43
/Users/melvinang/.pyenv/versions/3.9.18/lib/python3.9/site-packages/airflow/example_dags/example_xcomargs.py                                                                  2           0  0.76s           2025-03-22T03:36:50                      79
/Users/melvinang/.pyenv/versions/3.9.18/lib/python3.9/site-packages/airflow/example_dags/tutorial_taskflow_api.py                                                             1           0  0.75s           2025-03-22T03:36:43                      43
/Users/melvinang/.pyenv/versions/3.9.18/lib/python3.9/site-packages/airflow/example_dags/tutorial_dag.py                                                                      1           0  0.75s           2025-03-22T03:36:47                      43
/Users/melvinang/.pyenv/versions/3.9.18/lib/python3.9/site-packages/airflow/example_dags/tutorial_taskflow_templates.py                                                       1           0  0.74s           2025-03-22T03:36:40                      45
/Users/melvinang/.pyenv/versions/3.9.18/lib/python3.9/site-packages/airflow/example_dags/plugins/decreasing_priority_weight_strategy.py                                       0           0  0.74s           2025-03-22T03:36:38                       3
/Users/melvinang/.pyenv/versions/3.9.18/lib/python3.9/site-packages/airflow/example_dags/example_xcom.py                                                                      1           0  0.73s           2025-03-22T03:36:52                      45
/Users/melvinang/.pyenv/versions/3.9.18/lib/python3.9/site-packages/airflow/example_dags/example_trigger_controller_dag.py                                                    1           0  0.71s           2025-03-22T03:36:58                      45
/Users/melvinang/.pyenv/versions/3.9.18/lib/python3.9/site-packages/airflow/example_dags/tutorial.py                                                                          1           0  0.71s           2025-03-22T03:36:49                      45
/Users/melvinang/.pyenv/versions/3.9.18/lib/python3.9/site-packages/airflow/example_dags/subdags/subdag.py                                                                    0           0  0.69s           2025-03-22T03:36:31                       3
/Users/melvinang/.pyenv/versions/3.9.18/lib/python3.9/site-packages/airflow/example_dags/tutorial_taskflow_api_virtualenv.py                                                  0           0  0.68s           2025-03-22T03:36:41                       3
/Users/melvinang/.pyenv/versions/3.9.18/lib/python3.9/site-packages/airflow/example_dags/plugins/event_listener.py                                                            0           0  0.66s           2025-03-22T03:36:36                       3
/Users/melvinang/Documents/NUS/Y3S2/IS3107/transport_project/IS3107-Group-8/local_airflow/airflow/dags/main.py                                                                0           0                                                            0
/Users/melvinang/.pyenv/versions/3.9.18/lib/python3.9/site-packages/airflow/example_dags/example_latest_only.py                                                               0           0                                                            0
/Users/melvinang/.pyenv/versions/3.9.18/lib/python3.9/site-packages/airflow/example_dags/example_local_kubernetes_executor.py                                                 0           0                                                            0
/Users/melvinang/.pyenv/versions/3.9.18/lib/python3.9/site-packages/airflow/example_dags/example_task_group_decorator.py                                                      0           0                                                            0
/Users/melvinang/.pyenv/versions/3.9.18/lib/python3.9/site-packages/airflow/example_dags/example_complex.py                                                                   0           0                                                            0
/Users/melvinang/.pyenv/versions/3.9.18/lib/python3.9/site-packages/airflow/example_dags/example_python_operator.py                                                           0           0                                                            0
/Users/melvinang/.pyenv/versions/3.9.18/lib/python3.9/site-packages/airflow/example_dags/example_params_trigger_ui.py                                                         0           0                                                            0
/Users/melvinang/.pyenv/versions/3.9.18/lib/python3.9/site-packages/airflow/example_dags/example_external_task_marker_dag.py                                                  0           0                                                            0
/Users/melvinang/.pyenv/versions/3.9.18/lib/python3.9/site-packages/airflow/example_dags/example_bash_operator.py                                                             0           0                                                            0
/Users/melvinang/.pyenv/versions/3.9.18/lib/python3.9/site-packages/airflow/example_dags/example_dataset_alias.py                                                             0           0                                                            0
/Users/melvinang/.pyenv/versions/3.9.18/lib/python3.9/site-packages/airflow/example_dags/example_short_circuit_operator.py                                                    0           0                                                            0
/Users/melvinang/.pyenv/versions/3.9.18/lib/python3.9/site-packages/airflow/example_dags/example_setup_teardown.py                                                            0           0                                                            0
/Users/melvinang/.pyenv/versions/3.9.18/lib/python3.9/site-packages/airflow/example_dags/example_branch_operator.py                                                           0           0                                                            0
/Users/melvinang/.pyenv/versions/3.9.18/lib/python3.9/site-packages/airflow/example_dags/example_branch_labels.py                                                             0           0                                                            0
/Users/melvinang/.pyenv/versions/3.9.18/lib/python3.9/site-packages/airflow/example_dags/example_task_group.py                                                                0           0                                                            0
/Users/melvinang/.pyenv/versions/3.9.18/lib/python3.9/site-packages/airflow/example_dags/example_inlet_event_extra.py                                                         0           0                                                            0
/Users/melvinang/.pyenv/versions/3.9.18/lib/python3.9/site-packages/airflow/example_dags/example_python_decorator.py                                                          0           0                                                            0
/Users/melvinang/.pyenv/versions/3.9.18/lib/python3.9/site-packages/airflow/example_dags/example_sla_dag.py                                                                   0           0                                                            0
/Users/melvinang/.pyenv/versions/3.9.18/lib/python3.9/site-packages/airflow/example_dags/example_passing_params_via_test_command.py                                           0           0                                                            0
/Users/melvinang/.pyenv/versions/3.9.18/lib/python3.9/site-packages/airflow/example_dags/example_latest_only_with_trigger.py                                                  0           0                                                            0
/Users/melvinang/.pyenv/versions/3.9.18/lib/python3.9/site-packages/airflow/example_dags/example_dataset_alias_with_no_taskflow.py                                            0           0                                                            0
/Users/melvinang/.pyenv/versions/3.9.18/lib/python3.9/site-packages/airflow/example_dags/example_dag_decorator.py                                                             0           0                                                            0
/Users/melvinang/.pyenv/versions/3.9.18/lib/python3.9/site-packages/airflow/example_dags/example_display_name.py                                                              0           0                                                            0
/Users/melvinang/.pyenv/versions/3.9.18/lib/python3.9/site-packages/airflow/example_dags/example_branch_operator_decorator.py                                                 0           0                                                            0
/Users/melvinang/.pyenv/versions/3.9.18/lib/python3.9/site-packages/airflow/example_dags/example_branch_day_of_week_operator.py                                               0           0                                                            0
/Users/melvinang/.pyenv/versions/3.9.18/lib/python3.9/site-packages/airflow/example_dags/example_skip_dag.py                                                                  0           0                                                            0
/Users/melvinang/.pyenv/versions/3.9.18/lib/python3.9/site-packages/airflow/example_dags/example_outlet_event_extra.py                                                        0           0                                                            0
/Users/melvinang/.pyenv/versions/3.9.18/lib/python3.9/site-packages/airflow/example_dags/example_short_circuit_decorator.py                                                   0           0                                                            0
/Users/melvinang/.pyenv/versions/3.9.18/lib/python3.9/site-packages/airflow/example_dags/example_datasets.py                                                                  0           0                                                            0
/Users/melvinang/.pyenv/versions/3.9.18/lib/python3.9/site-packages/airflow/example_dags/example_bash_decorator.py                                                            0           0                                                            0
/Users/melvinang/.pyenv/versions/3.9.18/lib/python3.9/site-packages/airflow/example_dags/example_sensor_decorator.py                                                          0           0                                                            0
/Users/melvinang/.pyenv/versions/3.9.18/lib/python3.9/site-packages/airflow/example_dags/example_kubernetes_executor.py                                                       0           0                                                            0
/Users/melvinang/.pyenv/versions/3.9.18/lib/python3.9/site-packages/airflow/example_dags/example_branch_python_dop_operator_3.py                                              0           0                                                            0
/Users/melvinang/.pyenv/versions/3.9.18/lib/python3.9/site-packages/airflow/example_dags/example_sensors.py                                                                   0           0                                                            0
/Users/melvinang/.pyenv/versions/3.9.18/lib/python3.9/site-packages/airflow/example_dags/example_setup_teardown_taskflow.py                                                   0           0                                                            0
/Users/melvinang/.pyenv/versions/3.9.18/lib/python3.9/site-packages/airflow/example_dags/example_branch_datetime_operator.py                                                  0           0                                                            0
/Users/melvinang/.pyenv/versions/3.9.18/lib/python3.9/site-packages/airflow/example_dags/example_nested_branch_dag.py                                                         0           0                                                            0
/Users/melvinang/.pyenv/versions/3.9.18/lib/python3.9/site-packages/airflow/example_dags/example_subdag_operator.py                                                           0           0                                                            0
/Users/melvinang/.pyenv/versions/3.9.18/lib/python3.9/site-packages/airflow/example_dags/example_dynamic_task_mapping_with_no_taskflow_operators.py                           0           0                                                            0
/Users/melvinang/.pyenv/versions/3.9.18/lib/python3.9/site-packages/airflow/example_dags/example_params_ui_tutorial.py                                                        0           0                                                            0
/Users/melvinang/.pyenv/versions/3.9.18/lib/python3.9/site-packages/airflow/example_dags/example_dynamic_task_mapping.py                                                      0           0                                                            0
================================================================================
[2025-03-22T11:37:06.336+0800] {manager.py:465} INFO - Exiting gracefully upon receiving signal 15
[2025-03-22T11:37:11.525+0800] {manager.py:483} INFO - Processing files using up to 1 processes at a time 
[2025-03-22T11:37:11.525+0800] {manager.py:484} INFO - Process each file at most once every 30 seconds
[2025-03-22T11:37:11.525+0800] {manager.py:485} INFO - Checking for new files in /Users/melvinang/Documents/NUS/Y3S2/IS3107/transport_project/IS3107-Group-8/local_airflow/airflow/dags every 300 seconds
[2025-03-22T11:37:11.525+0800] {manager.py:821} INFO - Searching for files in /Users/melvinang/Documents/NUS/Y3S2/IS3107/transport_project/IS3107-Group-8/local_airflow/airflow/dags
[2025-03-22T11:37:11.526+0800] {manager.py:824} INFO - There are 1 files in /Users/melvinang/Documents/NUS/Y3S2/IS3107/transport_project/IS3107-Group-8/local_airflow/airflow/dags
[2025-03-22T11:37:27.633+0800] {manager.py:465} INFO - Exiting gracefully upon receiving signal 15
[2025-03-22T11:38:34.046+0800] {manager.py:483} INFO - Processing files using up to 1 processes at a time 
[2025-03-22T11:38:34.046+0800] {manager.py:484} INFO - Process each file at most once every 30 seconds
[2025-03-22T11:38:34.046+0800] {manager.py:485} INFO - Checking for new files in /Users/melvinang/Documents/NUS/Y3S2/IS3107/transport_project/IS3107-Group-8/local_airflow/airflow/dags every 300 seconds
[2025-03-22T11:38:34.046+0800] {manager.py:821} INFO - Searching for files in /Users/melvinang/Documents/NUS/Y3S2/IS3107/transport_project/IS3107-Group-8/local_airflow/airflow/dags
[2025-03-22T11:38:34.048+0800] {manager.py:824} INFO - There are 1 files in /Users/melvinang/Documents/NUS/Y3S2/IS3107/transport_project/IS3107-Group-8/local_airflow/airflow/dags
[2025-03-22T11:38:46.004+0800] {manager.py:465} INFO - Exiting gracefully upon receiving signal 15
[2025-03-22T11:39:05.232+0800] {manager.py:483} INFO - Processing files using up to 1 processes at a time 
[2025-03-22T11:39:05.232+0800] {manager.py:484} INFO - Process each file at most once every 30 seconds
[2025-03-22T11:39:05.232+0800] {manager.py:485} INFO - Checking for new files in /Users/melvinang/Documents/NUS/Y3S2/IS3107/transport_project/IS3107-Group-8/local_airflow/airflow/dags every 300 seconds
[2025-03-22T11:39:05.232+0800] {manager.py:821} INFO - Searching for files in /Users/melvinang/Documents/NUS/Y3S2/IS3107/transport_project/IS3107-Group-8/local_airflow/airflow/dags
[2025-03-22T11:39:05.233+0800] {manager.py:824} INFO - There are 1 files in /Users/melvinang/Documents/NUS/Y3S2/IS3107/transport_project/IS3107-Group-8/local_airflow/airflow/dags
[2025-03-22T11:39:34.106+0800] {manager.py:465} INFO - Exiting gracefully upon receiving signal 15
[2025-03-22T11:42:02.063+0800] {manager.py:483} INFO - Processing files using up to 1 processes at a time 
[2025-03-22T11:42:02.063+0800] {manager.py:484} INFO - Process each file at most once every 30 seconds
[2025-03-22T11:42:02.063+0800] {manager.py:485} INFO - Checking for new files in /Users/melvinang/Documents/NUS/Y3S2/IS3107/transport_project/IS3107-Group-8/local_airflow/airflow/dags every 300 seconds
[2025-03-22T11:42:02.063+0800] {manager.py:821} INFO - Searching for files in /Users/melvinang/Documents/NUS/Y3S2/IS3107/transport_project/IS3107-Group-8/local_airflow/airflow/dags
[2025-03-22T11:42:02.064+0800] {manager.py:824} INFO - There are 1 files in /Users/melvinang/Documents/NUS/Y3S2/IS3107/transport_project/IS3107-Group-8/local_airflow/airflow/dags
[2025-03-22T11:42:30.673+0800] {manager.py:465} INFO - Exiting gracefully upon receiving signal 15
[2025-03-22T11:42:39.374+0800] {manager.py:483} INFO - Processing files using up to 1 processes at a time 
[2025-03-22T11:42:39.375+0800] {manager.py:484} INFO - Process each file at most once every 30 seconds
[2025-03-22T11:42:39.375+0800] {manager.py:485} INFO - Checking for new files in /Users/melvinang/Documents/NUS/Y3S2/IS3107/transport_project/IS3107-Group-8/local_airflow/airflow/dags every 300 seconds
[2025-03-22T11:42:39.375+0800] {manager.py:821} INFO - Searching for files in /Users/melvinang/Documents/NUS/Y3S2/IS3107/transport_project/IS3107-Group-8/local_airflow/airflow/dags
[2025-03-22T11:42:39.376+0800] {manager.py:824} INFO - There are 1 files in /Users/melvinang/Documents/NUS/Y3S2/IS3107/transport_project/IS3107-Group-8/local_airflow/airflow/dags
[2025-03-22T11:43:08.816+0800] {manager.py:997} INFO - 
================================================================================
DAG File Processing Stats

File Path                                                                                                       PID    Runtime      # DAGs    # Errors  Last Runtime    Last Run               Last # of DB Queries
--------------------------------------------------------------------------------------------------------------  -----  ---------  --------  ----------  --------------  -------------------  ----------------------
/Users/melvinang/Documents/NUS/Y3S2/IS3107/transport_project/IS3107-Group-8/local_airflow/airflow/dags/main.py                           0           1  0.69s           2025-03-22T03:42:40                       5
================================================================================
[2025-03-22T11:43:25.264+0800] {manager.py:465} INFO - Exiting gracefully upon receiving signal 15
[2025-03-22T11:43:28.075+0800] {manager.py:483} INFO - Processing files using up to 1 processes at a time 
[2025-03-22T11:43:28.075+0800] {manager.py:484} INFO - Process each file at most once every 30 seconds
[2025-03-22T11:43:28.075+0800] {manager.py:485} INFO - Checking for new files in /Users/melvinang/Documents/NUS/Y3S2/IS3107/transport_project/IS3107-Group-8/local_airflow/airflow/dags every 300 seconds
[2025-03-22T11:43:28.075+0800] {manager.py:821} INFO - Searching for files in /Users/melvinang/Documents/NUS/Y3S2/IS3107/transport_project/IS3107-Group-8/local_airflow/airflow/dags
[2025-03-22T11:43:28.076+0800] {manager.py:824} INFO - There are 1 files in /Users/melvinang/Documents/NUS/Y3S2/IS3107/transport_project/IS3107-Group-8/local_airflow/airflow/dags
[2025-03-22T11:45:56.603+0800] {manager.py:465} INFO - Exiting gracefully upon receiving signal 15
[2025-03-22T11:47:16.700+0800] {manager.py:483} INFO - Processing files using up to 1 processes at a time 
[2025-03-22T11:47:16.700+0800] {manager.py:484} INFO - Process each file at most once every 30 seconds
[2025-03-22T11:47:16.700+0800] {manager.py:485} INFO - Checking for new files in /Users/melvinang/Documents/NUS/Y3S2/IS3107/transport_project/IS3107-Group-8/local_airflow/airflow/dags every 300 seconds
[2025-03-22T11:47:16.700+0800] {manager.py:821} INFO - Searching for files in /Users/melvinang/Documents/NUS/Y3S2/IS3107/transport_project/IS3107-Group-8/local_airflow/airflow/dags
[2025-03-22T11:47:16.701+0800] {manager.py:824} INFO - There are 1 files in /Users/melvinang/Documents/NUS/Y3S2/IS3107/transport_project/IS3107-Group-8/local_airflow/airflow/dags
[2025-03-22T11:48:04.742+0800] {manager.py:465} INFO - Exiting gracefully upon receiving signal 15
