[2025-03-21T23:05:17.686+0800] {local_task_job_runner.py:123} INFO - ::group::Pre task execution logs
[2025-03-21T23:05:17.691+0800] {taskinstance.py:2614} INFO - Dependencies all met for dep_context=non-requeueable deps ti=<TaskInstance: transport_dag.transform_mrt_data_task manual__2025-03-21T15:02:45.176830+00:00 [queued]>
[2025-03-21T23:05:17.693+0800] {taskinstance.py:2614} INFO - Dependencies all met for dep_context=requeueable deps ti=<TaskInstance: transport_dag.transform_mrt_data_task manual__2025-03-21T15:02:45.176830+00:00 [queued]>
[2025-03-21T23:05:17.693+0800] {taskinstance.py:2867} INFO - Starting attempt 1 of 2
[2025-03-21T23:05:17.697+0800] {taskinstance.py:2890} INFO - Executing <Task(PythonOperator): transform_mrt_data_task> on 2025-03-21 15:02:45.176830+00:00
[2025-03-21T23:05:17.700+0800] {standard_task_runner.py:72} INFO - Started process 78174 to run task
[2025-03-21T23:05:17.703+0800] {standard_task_runner.py:104} INFO - Running: ['airflow', 'tasks', 'run', 'transport_dag', 'transform_mrt_data_task', 'manual__2025-03-21T15:02:45.176830+00:00', '--job-id', '30', '--raw', '--subdir', 'DAGS_FOLDER/main.py', '--cfg-path', '/var/folders/08/pmnk96px7x94djx_0kg9f2zh0000gn/T/tmpv_fh4wj6']
[2025-03-21T23:05:17.705+0800] {standard_task_runner.py:105} INFO - Job 30: Subtask transform_mrt_data_task
[2025-03-21T23:05:17.721+0800] {task_command.py:467} INFO - Running <TaskInstance: transport_dag.transform_mrt_data_task manual__2025-03-21T15:02:45.176830+00:00 [running]> on host 192.168.1.64
[2025-03-21T23:05:17.741+0800] {taskinstance.py:3134} INFO - Exporting env vars: AIRFLOW_CTX_DAG_OWNER='airflow' AIRFLOW_CTX_DAG_ID='transport_dag' AIRFLOW_CTX_TASK_ID='transform_mrt_data_task' AIRFLOW_CTX_EXECUTION_DATE='2025-03-21T15:02:45.176830+00:00' AIRFLOW_CTX_TRY_NUMBER='1' AIRFLOW_CTX_DAG_RUN_ID='manual__2025-03-21T15:02:45.176830+00:00'
[2025-03-21T23:05:17.742+0800] {taskinstance.py:732} INFO - ::endgroup::
[2025-03-21T23:05:39.416+0800] {python.py:240} INFO - Done. Returned value was:                   ROAD_NAME  ...         LONGITUDE
0         PASIR RIS CENTRAL  ...  103.949284527763
1        TAMPINES CENTRAL 1  ...  103.945144586749
2            SIMEI STREET 3  ...  103.953377214378
3     NEW UPPER CHANGI ROAD  ...  103.946348600798
4     NEW UPPER CHANGI ROAD  ...  103.929984495066
..                      ...  ...               ...
169      TAMPINES CENTRAL 1  ...  103.943009883131
170       TAMPINES AVENUE 7  ...    103.9546344625
171  UPPER CHANGI ROAD EAST  ...  103.961472788634
172              EXPO DRIVE  ...  103.962374747451
173            XILIN AVENUE  ...  103.964902569595

[169 rows x 6 columns]
[2025-03-21T23:05:39.445+0800] {taskinstance.py:341} INFO - ::group::Post task execution logs
[2025-03-21T23:05:39.445+0800] {taskinstance.py:353} INFO - Marking task as SUCCESS. dag_id=transport_dag, task_id=transform_mrt_data_task, run_id=manual__2025-03-21T15:02:45.176830+00:00, execution_date=20250321T150245, start_date=20250321T150517, end_date=20250321T150539
[2025-03-21T23:05:39.459+0800] {local_task_job_runner.py:266} INFO - Task exited with return code 0
[2025-03-21T23:05:39.465+0800] {taskinstance.py:3901} INFO - 0 downstream tasks scheduled from follow-on schedule check
[2025-03-21T23:05:39.466+0800] {local_task_job_runner.py:245} INFO - ::endgroup::
