[2025-03-22T11:36:50.669+0800] {processor.py:186} INFO - Started process (PID=97170) to work on /Users/melvinang/.pyenv/versions/3.9.18/lib/python3.9/site-packages/airflow/example_dags/example_xcomargs.py
[2025-03-22T11:36:50.669+0800] {processor.py:914} INFO - Processing file /Users/melvinang/.pyenv/versions/3.9.18/lib/python3.9/site-packages/airflow/example_dags/example_xcomargs.py for tasks to queue
[2025-03-22T11:36:50.669+0800] {logging_mixin.py:190} INFO - [2025-03-22T11:36:50.669+0800] {dagbag.py:588} INFO - Filling up the DagBag from /Users/melvinang/.pyenv/versions/3.9.18/lib/python3.9/site-packages/airflow/example_dags/example_xcomargs.py
[2025-03-22T11:36:50.682+0800] {processor.py:925} INFO - DAG(s) 'example_xcom_args', 'example_xcom_args_with_operators' retrieved from /Users/melvinang/.pyenv/versions/3.9.18/lib/python3.9/site-packages/airflow/example_dags/example_xcomargs.py
[2025-03-22T11:36:50.744+0800] {logging_mixin.py:190} INFO - [2025-03-22T11:36:50.744+0800] {override.py:1930} INFO - Created Permission View: can delete on DAG:example_xcom_args
[2025-03-22T11:36:50.747+0800] {logging_mixin.py:190} INFO - [2025-03-22T11:36:50.747+0800] {override.py:1930} INFO - Created Permission View: can edit on DAG:example_xcom_args
[2025-03-22T11:36:50.748+0800] {logging_mixin.py:190} INFO - [2025-03-22T11:36:50.748+0800] {override.py:1930} INFO - Created Permission View: can read on DAG:example_xcom_args
[2025-03-22T11:36:50.751+0800] {logging_mixin.py:190} INFO - [2025-03-22T11:36:50.751+0800] {override.py:1930} INFO - Created Permission View: can create on DAG Run:example_xcom_args
[2025-03-22T11:36:50.753+0800] {logging_mixin.py:190} INFO - [2025-03-22T11:36:50.753+0800] {override.py:1930} INFO - Created Permission View: can delete on DAG Run:example_xcom_args
[2025-03-22T11:36:50.755+0800] {logging_mixin.py:190} INFO - [2025-03-22T11:36:50.755+0800] {override.py:1930} INFO - Created Permission View: menu access on DAG Run:example_xcom_args
[2025-03-22T11:36:50.757+0800] {logging_mixin.py:190} INFO - [2025-03-22T11:36:50.757+0800] {override.py:1930} INFO - Created Permission View: can read on DAG Run:example_xcom_args
[2025-03-22T11:36:50.761+0800] {logging_mixin.py:190} INFO - [2025-03-22T11:36:50.761+0800] {override.py:1930} INFO - Created Permission View: can delete on DAG:example_xcom_args_with_operators
[2025-03-22T11:36:50.763+0800] {logging_mixin.py:190} INFO - [2025-03-22T11:36:50.763+0800] {override.py:1930} INFO - Created Permission View: can edit on DAG:example_xcom_args_with_operators
[2025-03-22T11:36:50.764+0800] {logging_mixin.py:190} INFO - [2025-03-22T11:36:50.764+0800] {override.py:1930} INFO - Created Permission View: can read on DAG:example_xcom_args_with_operators
[2025-03-22T11:36:50.767+0800] {logging_mixin.py:190} INFO - [2025-03-22T11:36:50.767+0800] {override.py:1930} INFO - Created Permission View: can create on DAG Run:example_xcom_args_with_operators
[2025-03-22T11:36:50.768+0800] {logging_mixin.py:190} INFO - [2025-03-22T11:36:50.768+0800] {override.py:1930} INFO - Created Permission View: can delete on DAG Run:example_xcom_args_with_operators
[2025-03-22T11:36:50.770+0800] {logging_mixin.py:190} INFO - [2025-03-22T11:36:50.770+0800] {override.py:1930} INFO - Created Permission View: menu access on DAG Run:example_xcom_args_with_operators
[2025-03-22T11:36:50.772+0800] {logging_mixin.py:190} INFO - [2025-03-22T11:36:50.772+0800] {override.py:1930} INFO - Created Permission View: can read on DAG Run:example_xcom_args_with_operators
[2025-03-22T11:36:50.772+0800] {logging_mixin.py:190} INFO - [2025-03-22T11:36:50.772+0800] {dag.py:3239} INFO - Sync 2 DAGs
[2025-03-22T11:36:50.776+0800] {logging_mixin.py:190} INFO - [2025-03-22T11:36:50.776+0800] {dag.py:3262} INFO - Creating ORM DAG for example_xcom_args
[2025-03-22T11:36:50.776+0800] {logging_mixin.py:190} INFO - [2025-03-22T11:36:50.776+0800] {dag.py:3262} INFO - Creating ORM DAG for example_xcom_args_with_operators
[2025-03-22T11:36:50.776+0800] {logging_mixin.py:190} INFO - [2025-03-22T11:36:50.776+0800] {dag.py:4180} INFO - Setting next_dagrun for example_xcom_args to None, run_after=None
[2025-03-22T11:36:50.777+0800] {logging_mixin.py:190} INFO - [2025-03-22T11:36:50.777+0800] {dag.py:4180} INFO - Setting next_dagrun for example_xcom_args_with_operators to None, run_after=None
[2025-03-22T11:36:50.782+0800] {processor.py:208} INFO - Processing /Users/melvinang/.pyenv/versions/3.9.18/lib/python3.9/site-packages/airflow/example_dags/example_xcomargs.py took 0.114 seconds
