[2025-03-22T11:37:03.797+0800] {processor.py:186} INFO - Started process (PID=97234) to work on /Users/melvinang/.pyenv/versions/3.9.18/lib/python3.9/site-packages/airflow/example_dags/example_subdag_operator.py
[2025-03-22T11:37:03.797+0800] {processor.py:914} INFO - Processing file /Users/melvinang/.pyenv/versions/3.9.18/lib/python3.9/site-packages/airflow/example_dags/example_subdag_operator.py for tasks to queue
[2025-03-22T11:37:03.797+0800] {logging_mixin.py:190} INFO - [2025-03-22T11:37:03.797+0800] {dagbag.py:588} INFO - Filling up the DagBag from /Users/melvinang/.pyenv/versions/3.9.18/lib/python3.9/site-packages/airflow/example_dags/example_subdag_operator.py
[2025-03-22T11:37:03.834+0800] {processor.py:925} INFO - DAG(s) 'example_subdag_operator.section-1', 'example_subdag_operator.section-2', 'example_subdag_operator' retrieved from /Users/melvinang/.pyenv/versions/3.9.18/lib/python3.9/site-packages/airflow/example_dags/example_subdag_operator.py
[2025-03-22T11:37:04.002+0800] {logging_mixin.py:190} INFO - [2025-03-22T11:37:04.001+0800] {override.py:1930} INFO - Created Permission View: can delete on DAG:example_subdag_operator
[2025-03-22T11:37:04.005+0800] {logging_mixin.py:190} INFO - [2025-03-22T11:37:04.004+0800] {override.py:1930} INFO - Created Permission View: can read on DAG:example_subdag_operator
[2025-03-22T11:37:04.007+0800] {logging_mixin.py:190} INFO - [2025-03-22T11:37:04.006+0800] {override.py:1930} INFO - Created Permission View: can edit on DAG:example_subdag_operator
[2025-03-22T11:37:04.009+0800] {logging_mixin.py:190} INFO - [2025-03-22T11:37:04.009+0800] {override.py:1930} INFO - Created Permission View: can delete on DAG Run:example_subdag_operator
[2025-03-22T11:37:04.011+0800] {logging_mixin.py:190} INFO - [2025-03-22T11:37:04.011+0800] {override.py:1930} INFO - Created Permission View: can create on DAG Run:example_subdag_operator
[2025-03-22T11:37:04.013+0800] {logging_mixin.py:190} INFO - [2025-03-22T11:37:04.013+0800] {override.py:1930} INFO - Created Permission View: can read on DAG Run:example_subdag_operator
[2025-03-22T11:37:04.015+0800] {logging_mixin.py:190} INFO - [2025-03-22T11:37:04.015+0800] {override.py:1930} INFO - Created Permission View: menu access on DAG Run:example_subdag_operator
[2025-03-22T11:37:04.015+0800] {logging_mixin.py:190} INFO - [2025-03-22T11:37:04.015+0800] {dag.py:3239} INFO - Sync 3 DAGs
[2025-03-22T11:37:04.019+0800] {logging_mixin.py:190} INFO - [2025-03-22T11:37:04.019+0800] {dag.py:3262} INFO - Creating ORM DAG for example_subdag_operator.section-1
[2025-03-22T11:37:04.020+0800] {logging_mixin.py:190} INFO - [2025-03-22T11:37:04.020+0800] {dag.py:3262} INFO - Creating ORM DAG for example_subdag_operator.section-2
[2025-03-22T11:37:04.020+0800] {logging_mixin.py:190} INFO - [2025-03-22T11:37:04.020+0800] {dag.py:3262} INFO - Creating ORM DAG for example_subdag_operator
[2025-03-22T11:37:04.022+0800] {logging_mixin.py:190} INFO - [2025-03-22T11:37:04.022+0800] {dag.py:4180} INFO - Setting next_dagrun for example_subdag_operator to 2022-01-01 00:00:00+00:00, run_after=2022-01-01 00:00:00+00:00
[2025-03-22T11:37:04.022+0800] {logging_mixin.py:190} INFO - [2025-03-22T11:37:04.022+0800] {dag.py:4180} INFO - Setting next_dagrun for example_subdag_operator.section-1 to None, run_after=None
[2025-03-22T11:37:04.022+0800] {logging_mixin.py:190} INFO - [2025-03-22T11:37:04.022+0800] {dag.py:4180} INFO - Setting next_dagrun for example_subdag_operator.section-2 to None, run_after=None
[2025-03-22T11:37:04.025+0800] {logging_mixin.py:190} INFO - [2025-03-22T11:37:04.024+0800] {dag.py:3239} INFO - Sync 2 DAGs
[2025-03-22T11:37:04.026+0800] {logging_mixin.py:190} INFO - [2025-03-22T11:37:04.026+0800] {dag.py:4180} INFO - Setting next_dagrun for example_subdag_operator.section-1 to None, run_after=None
[2025-03-22T11:37:04.027+0800] {logging_mixin.py:190} INFO - [2025-03-22T11:37:04.027+0800] {dag.py:4180} INFO - Setting next_dagrun for example_subdag_operator.section-2 to None, run_after=None
[2025-03-22T11:37:04.031+0800] {processor.py:208} INFO - Processing /Users/melvinang/.pyenv/versions/3.9.18/lib/python3.9/site-packages/airflow/example_dags/example_subdag_operator.py took 0.235 seconds
